<?xml version="1.0" encoding="UTF-8"?>
<!-- Generated by org.testng.reporters.JUnitXMLReporter -->
<testsuite hostname="LNAR-5CG0090XTS" ignored="0" name="Command line test" tests="0" failures="0" timestamp="2020-07-24T13:38:41 EDT" time="0.151" errors="0">
  <testcase name="@BeforeClass setUpClass" time="0.106" classname="io.cucumber.testng.AbstractTestNGCucumberTests">
    <failure type="java.lang.NoClassDefFoundError" message="io/cucumber/core/runtime/ExitStatus">
      <![CDATA[java.lang.NoClassDefFoundError: io/cucumber/core/runtime/ExitStatus
at io.cucumber.testng.TestNGCucumberRunner.<init>(TestNGCucumberRunner.java:92)
at io.cucumber.testng.AbstractTestNGCucumberTests.setUpClass(AbstractTestNGCucumberTests.java:23)
at java.util.ArrayList.forEach(Unknown Source)
at com.StepDefinitions.Runner.main(Runner.java:13)
Caused by: java.lang.ClassNotFoundException: io.cucumber.core.runtime.ExitStatus
at java.net.URLClassLoader.findClass(Unknown Source)
at java.lang.ClassLoader.loadClass(Unknown Source)
at sun.misc.Launcher$AppClassLoader.loadClass(Unknown Source)
at java.lang.ClassLoader.loadClass(Unknown Source)
... 26 more
... Removed 22 stack frames]]>
    </failure>
  </testcase> <!-- @BeforeClass setUpClass -->
</testsuite> <!-- Command line test -->
